<?xml version="1.0" encoding="UTF-8"?>
<!-- Generated by org.testng.reporters.JUnitReportReporter -->
<testsuite hostname="saikrishna-PC" name="TestNG.Annotationsusage" tests="3" failures="0" timestamp="1 Oct 2019 17:00:29 GMT" time="0.016" errors="0">
  <testcase name="f3" time="0.000" classname="TestNG.Annotationsusage"/>
  <testcase name="f2" time="0.000" classname="TestNG.Annotationsusage"/>
  <testcase name="f1" time="0.016" classname="TestNG.Annotationsusage"/>
</testsuite> <!-- TestNG.Annotationsusage -->
