<?xml version="1.0" encoding="UTF-8"?>
<!-- Generated by org.testng.reporters.JUnitReportReporter -->
<testsuite hostname="saikrishna-PC" name="TestNG.NewTest" tests="1" failures="0" timestamp="1 Oct 2019 16:54:54 GMT" time="90.013" errors="0">
  <testcase name="f" time="90.013" classname="TestNG.NewTest"/>
</testsuite> <!-- TestNG.NewTest -->
